<?xml version="1.0" encoding="utf-8"?><testsuites name="pytest tests"><testsuite name="pytest" errors="0" failures="0" skipped="0" tests="13" time="1.260" timestamp="2026-06-22T18:45:37.968914+00:00" hostname="agent-env-cc5a1de3-1134-4f5f-8159-78d0d54fbdc0"><testcase classname="backend.tests.test_crypto_beginner_api" name="test_root" time="0.345" /><testcase classname="backend.tests.test_crypto_beginner_api" name="test_market_top" time="0.151" /><testcase classname="backend.tests.test_crypto_beginner_api" name="test_market_global" time="0.148" /><testcase classname="backend.tests.test_crypto_beginner_api" name="test_lessons_list" time="0.043" /><testcase classname="backend.tests.test_crypto_beginner_api" name="test_lesson_detail" time="0.047" /><testcase classname="backend.tests.test_crypto_beginner_api" name="test_lesson_404" time="0.045" /><testcase classname="backend.tests.test_crypto_beginner_api" name="test_glossary" time="0.047" /><testcase classname="backend.tests.test_crypto_beginner_api" name="test_blog_list" time="0.045" /><testcase classname="backend.tests.test_crypto_beginner_api" name="test_blog_categories" time="0.054" /><testcase classname="backend.tests.test_crypto_beginner_api" name="test_blog_detail" time="0.045" /><testcase classname="backend.tests.test_crypto_beginner_api" name="test_blog_404" time="0.046" /><testcase classname="backend.tests.test_crypto_beginner_api" name="test_contact_create_and_validation" time="0.090" /><testcase classname="backend.tests.test_crypto_beginner_api" name="test_contact_invalid_email" time="0.042" /></testsuite></testsuites>